<?xml version="1.0" encoding="UTF-8"?>
<!-- Generated by org.testng.reporters.JUnitReportReporter -->
<testsuite skipped="0" hostname="Charu" name="com.vmx.resultPage.Result" tests="1" failures="0" timestamp="2020-07-23T21:50:16 IST" time="31.022" errors="0">
  <testcase name="result" time="31.022" classname="com.vmx.resultPage.Result"/>
  <system-out>
ResultPage is dispalyed  </system-out>
</testsuite> <!-- com.vmx.resultPage.Result -->
