<?xml version="1.0" encoding="UTF-8"?>
<!-- Generated by org.testng.reporters.JUnitReportReporter -->
<testsuite skipped="0" hostname="Charu" name="com.vmx.home.Home" tests="1" failures="0" timestamp="2020-07-23T20:22:32 IST" time="18.184" errors="0">
  <testcase name="homeSearch" time="18.184" classname="com.vmx.home.Home"/>
  <system-out/>
</testsuite> <!-- com.vmx.home.Home -->
